{"E:\\bzemba\\Downloads\\ceros-ski\\ceros-ski-master\\src\\Constants.js": {"path":"E:\\bzemba\\Downloads\\ceros-ski\\ceros-ski-master\\src\\Constants.js","statementMap":{"0":{"start":{"line":1,"column":26},"end":{"line":1,"column":43}},"1":{"start":{"line":2,"column":27},"end":{"line":2,"column":45}},"2":{"start":{"line":4,"column":27},"end":{"line":4,"column":39}},"3":{"start":{"line":5,"column":26},"end":{"line":5,"column":37}},"4":{"start":{"line":6,"column":30},"end":{"line":6,"column":45}},"5":{"start":{"line":7,"column":26},"end":{"line":7,"column":37}},"6":{"start":{"line":8,"column":31},"end":{"line":8,"column":47}},"7":{"start":{"line":9,"column":27},"end":{"line":9,"column":39}},"8":{"start":{"line":10,"column":28},"end":{"line":10,"column":40}},"9":{"start":{"line":11,"column":28},"end":{"line":11,"column":40}},"10":{"start":{"line":12,"column":28},"end":{"line":12,"column":40}},"11":{"start":{"line":13,"column":28},"end":{"line":13,"column":40}},"12":{"start":{"line":14,"column":28},"end":{"line":14,"column":40}},"13":{"start":{"line":16,"column":33},"end":{"line":16,"column":40}},"14":{"start":{"line":17,"column":34},"end":{"line":17,"column":42}},"15":{"start":{"line":18,"column":32},"end":{"line":18,"column":38}},"16":{"start":{"line":20,"column":29},"end":{"line":20,"column":43}},"17":{"start":{"line":21,"column":32},"end":{"line":21,"column":47}},"18":{"start":{"line":22,"column":32},"end":{"line":22,"column":47}},"19":{"start":{"line":23,"column":32},"end":{"line":23,"column":47}},"20":{"start":{"line":24,"column":32},"end":{"line":24,"column":47}},"21":{"start":{"line":25,"column":37},"end":{"line":25,"column":57}},"22":{"start":{"line":26,"column":26},"end":{"line":26,"column":37}},"23":{"start":{"line":27,"column":30},"end":{"line":27,"column":44}},"24":{"start":{"line":28,"column":31},"end":{"line":28,"column":46}},"25":{"start":{"line":30,"column":20},"end":{"line":30,"column":26}},"26":{"start":{"line":31,"column":28},"end":{"line":31,"column":41}},"27":{"start":{"line":32,"column":21},"end":{"line":32,"column":28}},"28":{"start":{"line":33,"column":21},"end":{"line":33,"column":28}},"29":{"start":{"line":34,"column":25},"end":{"line":34,"column":35}},"30":{"start":{"line":36,"column":36},"end":{"line":36,"column":38}},"31":{"start":{"line":37,"column":38},"end":{"line":37,"column":39}},"32":{"start":{"line":38,"column":44},"end":{"line":38,"column":50}},"33":{"start":{"line":39,"column":47},"end":{"line":39,"column":50}},"34":{"start":{"line":40,"column":33},"end":{"line":40,"column":34}},"35":{"start":{"line":41,"column":32},"end":{"line":41,"column":33}},"36":{"start":{"line":42,"column":46},"end":{"line":42,"column":48}},"37":{"start":{"line":43,"column":27},"end":{"line":43,"column":28}},"38":{"start":{"line":44,"column":34},"end":{"line":44,"column":37}},"39":{"start":{"line":46,"column":22},"end":{"line":72,"column":1}},"40":{"start":{"line":74,"column":28},"end":{"line":78,"column":1}},"41":{"start":{"line":80,"column":32},"end":{"line":84,"column":1}},"42":{"start":{"line":86,"column":32},"end":{"line":93,"column":1}},"43":{"start":{"line":95,"column":37},"end":{"line":102,"column":1}},"44":{"start":{"line":104,"column":27},"end":{"line":110,"column":1}},"45":{"start":{"line":112,"column":32},"end":{"line":118,"column":1}},"46":{"start":{"line":120,"column":27},"end":{"line":120,"column":40}},"47":{"start":{"line":122,"column":35},"end":{"line":130,"column":1}},"48":{"start":{"line":132,"column":31},"end":{"line":140,"column":1}},"49":{"start":{"line":142,"column":20},"end":{"line":149,"column":1}}},"fnMap":{},"branchMap":{},"s":{"0":3,"1":3,"2":3,"3":3,"4":3,"5":3,"6":3,"7":3,"8":3,"9":3,"10":3,"11":3,"12":3,"13":3,"14":3,"15":3,"16":3,"17":3,"18":3,"19":3,"20":3,"21":3,"22":3,"23":3,"24":3,"25":3,"26":3,"27":3,"28":3,"29":3,"30":3,"31":3,"32":3,"33":3,"34":3,"35":3,"36":3,"37":3,"38":3,"39":3,"40":3,"41":3,"42":3,"43":3,"44":3,"45":3,"46":3,"47":3,"48":3,"49":3},"f":{},"b":{},"_coverageSchema":"43e27e138ebf9cfc5966b082cf9a028302ed4184","hash":"f6a9c76cbd67d446120b05afb65f71bb5eb85c68"}
,"E:\\bzemba\\Downloads\\ceros-ski\\ceros-ski-master\\src\\Core\\AssetManager.js": {"path":"E:\\bzemba\\Downloads\\ceros-ski\\ceros-ski-master\\src\\Core\\AssetManager.js","statementMap":{"0":{"start":{"line":2,"column":19},"end":{"line":2,"column":21}},"1":{"start":{"line":8,"column":30},"end":{"line":8,"column":32}},"2":{"start":{"line":10,"column":8},"end":{"line":13,"column":9}},"3":{"start":{"line":11,"column":33},"end":{"line":11,"column":74}},"4":{"start":{"line":12,"column":12},"end":{"line":12,"column":45}},"5":{"start":{"line":15,"column":8},"end":{"line":15,"column":41}},"6":{"start":{"line":19,"column":8},"end":{"line":29,"column":11}},"7":{"start":{"line":20,"column":31},"end":{"line":20,"column":42}},"8":{"start":{"line":21,"column":12},"end":{"line":27,"column":14}},"9":{"start":{"line":22,"column":16},"end":{"line":22,"column":38}},"10":{"start":{"line":23,"column":16},"end":{"line":23,"column":39}},"11":{"start":{"line":25,"column":16},"end":{"line":25,"column":58}},"12":{"start":{"line":26,"column":16},"end":{"line":26,"column":26}},"13":{"start":{"line":28,"column":12},"end":{"line":28,"column":38}},"14":{"start":{"line":33,"column":8},"end":{"line":33,"column":44}}},"fnMap":{"0":{"name":"(anonymous_0)","decl":{"start":{"line":4,"column":4},"end":{"line":4,"column":5}},"loc":{"start":{"line":4,"column":18},"end":{"line":5,"column":5}},"line":4},"1":{"name":"(anonymous_1)","decl":{"start":{"line":7,"column":4},"end":{"line":7,"column":5}},"loc":{"start":{"line":7,"column":29},"end":{"line":16,"column":5}},"line":7},"2":{"name":"(anonymous_2)","decl":{"start":{"line":18,"column":4},"end":{"line":18,"column":5}},"loc":{"start":{"line":18,"column":41},"end":{"line":30,"column":5}},"line":18},"3":{"name":"(anonymous_3)","decl":{"start":{"line":19,"column":27},"end":{"line":19,"column":28}},"loc":{"start":{"line":19,"column":40},"end":{"line":29,"column":9}},"line":19},"4":{"name":"(anonymous_4)","decl":{"start":{"line":21,"column":32},"end":{"line":21,"column":33}},"loc":{"start":{"line":21,"column":38},"end":{"line":27,"column":13}},"line":21},"5":{"name":"(anonymous_5)","decl":{"start":{"line":32,"column":4},"end":{"line":32,"column":5}},"loc":{"start":{"line":32,"column":24},"end":{"line":34,"column":5}},"line":32}},"branchMap":{},"s":{"0":2,"1":1,"2":1,"3":25,"4":25,"5":1,"6":25,"7":25,"8":25,"9":25,"10":25,"11":25,"12":25,"13":25,"14":48},"f":{"0":2,"1":1,"2":25,"3":25,"4":25,"5":48},"b":{},"_coverageSchema":"43e27e138ebf9cfc5966b082cf9a028302ed4184","hash":"6abaded0e6b265e9dde58e5b0d1e661768c9dc85"}
,"E:\\bzemba\\Downloads\\ceros-ski\\ceros-ski-master\\src\\Core\\Canvas.js": {"path":"E:\\bzemba\\Downloads\\ceros-ski\\ceros-ski-master\\src\\Core\\Canvas.js","statementMap":{"0":{"start":{"line":2,"column":8},"end":{"line":2,"column":9}},"1":{"start":{"line":3,"column":8},"end":{"line":3,"column":9}},"2":{"start":{"line":4,"column":12},"end":{"line":4,"column":13}},"3":{"start":{"line":5,"column":13},"end":{"line":5,"column":14}},"4":{"start":{"line":6,"column":17},"end":{"line":9,"column":5}},"5":{"start":{"line":10,"column":10},"end":{"line":10,"column":14}},"6":{"start":{"line":13,"column":8},"end":{"line":13,"column":27}},"7":{"start":{"line":14,"column":8},"end":{"line":14,"column":29}},"8":{"start":{"line":16,"column":8},"end":{"line":16,"column":28}},"9":{"start":{"line":20,"column":23},"end":{"line":20,"column":55}},"10":{"start":{"line":21,"column":8},"end":{"line":21,"column":32}},"11":{"start":{"line":22,"column":8},"end":{"line":22,"column":60}},"12":{"start":{"line":23,"column":8},"end":{"line":23,"column":62}},"13":{"start":{"line":24,"column":8},"end":{"line":24,"column":47}},"14":{"start":{"line":25,"column":8},"end":{"line":25,"column":49}},"15":{"start":{"line":27,"column":8},"end":{"line":27,"column":43}},"16":{"start":{"line":28,"column":8},"end":{"line":28,"column":73}},"17":{"start":{"line":30,"column":8},"end":{"line":30,"column":42}},"18":{"start":{"line":34,"column":8},"end":{"line":34,"column":68}},"19":{"start":{"line":38,"column":8},"end":{"line":38,"column":30}},"20":{"start":{"line":39,"column":8},"end":{"line":39,"column":30}},"21":{"start":{"line":43,"column":8},"end":{"line":43,"column":31}},"22":{"start":{"line":44,"column":8},"end":{"line":44,"column":31}},"23":{"start":{"line":46,"column":8},"end":{"line":46,"column":55}}},"fnMap":{"0":{"name":"(anonymous_0)","decl":{"start":{"line":12,"column":4},"end":{"line":12,"column":5}},"loc":{"start":{"line":12,"column":31},"end":{"line":17,"column":5}},"line":12},"1":{"name":"(anonymous_1)","decl":{"start":{"line":19,"column":4},"end":{"line":19,"column":5}},"loc":{"start":{"line":19,"column":19},"end":{"line":31,"column":5}},"line":19},"2":{"name":"(anonymous_2)","decl":{"start":{"line":33,"column":4},"end":{"line":33,"column":5}},"loc":{"start":{"line":33,"column":18},"end":{"line":35,"column":5}},"line":33},"3":{"name":"(anonymous_3)","decl":{"start":{"line":37,"column":4},"end":{"line":37,"column":5}},"loc":{"start":{"line":37,"column":24},"end":{"line":40,"column":5}},"line":37},"4":{"name":"(anonymous_4)","decl":{"start":{"line":42,"column":4},"end":{"line":42,"column":5}},"loc":{"start":{"line":42,"column":42},"end":{"line":47,"column":5}},"line":42}},"branchMap":{},"s":{"0":1,"1":1,"2":1,"3":1,"4":1,"5":1,"6":1,"7":1,"8":1,"9":1,"10":1,"11":1,"12":1,"13":1,"14":1,"15":1,"16":1,"17":1,"18":0,"19":0,"20":0,"21":0,"22":0,"23":0},"f":{"0":1,"1":1,"2":0,"3":0,"4":0},"b":{},"_coverageSchema":"43e27e138ebf9cfc5966b082cf9a028302ed4184","hash":"42689eda83a9d8b5da31ffb62adb464cc00c72bb"}
,"E:\\bzemba\\Downloads\\ceros-ski\\ceros-ski-master\\src\\Core\\Game.js": {"path":"E:\\bzemba\\Downloads\\ceros-ski\\ceros-ski-master\\src\\Core\\Game.js","statementMap":{"0":{"start":{"line":10,"column":14},"end":{"line":10,"column":18}},"1":{"start":{"line":11,"column":12},"end":{"line":11,"column":17}},"2":{"start":{"line":14,"column":8},"end":{"line":14,"column":47}},"3":{"start":{"line":15,"column":8},"end":{"line":15,"column":78}},"4":{"start":{"line":16,"column":2},"end":{"line":16,"column":31}},"5":{"start":{"line":17,"column":2},"end":{"line":17,"column":19}},"6":{"start":{"line":18,"column":8},"end":{"line":18,"column":53}},"7":{"start":{"line":20,"column":8},"end":{"line":20,"column":76}},"8":{"start":{"line":24,"column":2},"end":{"line":24,"column":47}},"9":{"start":{"line":28,"column":8},"end":{"line":28,"column":61}},"10":{"start":{"line":32,"column":2},"end":{"line":33,"column":10}},"11":{"start":{"line":33,"column":3},"end":{"line":33,"column":10}},"12":{"start":{"line":35,"column":2},"end":{"line":35,"column":36}},"13":{"start":{"line":36,"column":8},"end":{"line":36,"column":34}},"14":{"start":{"line":38,"column":8},"end":{"line":38,"column":32}},"15":{"start":{"line":39,"column":8},"end":{"line":39,"column":30}},"16":{"start":{"line":42,"column":8},"end":{"line":42,"column":51}},"17":{"start":{"line":47,"column":2},"end":{"line":48,"column":21}},"18":{"start":{"line":48,"column":3},"end":{"line":48,"column":21}},"19":{"start":{"line":50,"column":2},"end":{"line":54,"column":3}},"20":{"start":{"line":51,"column":3},"end":{"line":53,"column":6}},"21":{"start":{"line":52,"column":4},"end":{"line":52,"column":49}},"22":{"start":{"line":56,"column":29},"end":{"line":56,"column":44}},"23":{"start":{"line":57,"column":2},"end":{"line":57,"column":29}},"24":{"start":{"line":60,"column":2},"end":{"line":62,"column":3}},"25":{"start":{"line":61,"column":3},"end":{"line":61,"column":78}},"26":{"start":{"line":64,"column":2},"end":{"line":64,"column":78}},"27":{"start":{"line":68,"column":8},"end":{"line":68,"column":77}},"28":{"start":{"line":70,"column":2},"end":{"line":71,"column":51}},"29":{"start":{"line":71,"column":3},"end":{"line":71,"column":51}},"30":{"start":{"line":74,"column":2},"end":{"line":76,"column":5}},"31":{"start":{"line":75,"column":3},"end":{"line":75,"column":43}},"32":{"start":{"line":77,"column":8},"end":{"line":77,"column":75}},"33":{"start":{"line":81,"column":30},"end":{"line":81,"column":54}},"34":{"start":{"line":82,"column":21},"end":{"line":82,"column":65}},"35":{"start":{"line":83,"column":20},"end":{"line":83,"column":65}},"36":{"start":{"line":85,"column":8},"end":{"line":85,"column":104}},"37":{"start":{"line":89,"column":8},"end":{"line":115,"column":9}},"38":{"start":{"line":91,"column":16},"end":{"line":91,"column":38}},"39":{"start":{"line":92,"column":16},"end":{"line":92,"column":39}},"40":{"start":{"line":93,"column":16},"end":{"line":93,"column":22}},"41":{"start":{"line":95,"column":16},"end":{"line":95,"column":39}},"42":{"start":{"line":96,"column":16},"end":{"line":96,"column":39}},"43":{"start":{"line":97,"column":16},"end":{"line":97,"column":22}},"44":{"start":{"line":99,"column":16},"end":{"line":99,"column":36}},"45":{"start":{"line":100,"column":16},"end":{"line":100,"column":39}},"46":{"start":{"line":101,"column":16},"end":{"line":101,"column":22}},"47":{"start":{"line":103,"column":4},"end":{"line":103,"column":26}},"48":{"start":{"line":104,"column":16},"end":{"line":104,"column":39}},"49":{"start":{"line":105,"column":4},"end":{"line":105,"column":10}},"50":{"start":{"line":107,"column":4},"end":{"line":107,"column":22}},"51":{"start":{"line":108,"column":4},"end":{"line":108,"column":27}},"52":{"start":{"line":109,"column":4},"end":{"line":109,"column":10}},"53":{"start":{"line":111,"column":4},"end":{"line":112,"column":22}},"54":{"start":{"line":112,"column":5},"end":{"line":112,"column":22}},"55":{"start":{"line":113,"column":4},"end":{"line":113,"column":27}},"56":{"start":{"line":114,"column":4},"end":{"line":114,"column":10}},"57":{"start":{"line":120,"column":2},"end":{"line":120,"column":30}},"58":{"start":{"line":121,"column":2},"end":{"line":121,"column":24}},"59":{"start":{"line":122,"column":2},"end":{"line":122,"column":19}},"60":{"start":{"line":123,"column":2},"end":{"line":123,"column":13}},"61":{"start":{"line":128,"column":27},"end":{"line":128,"column":140}},"62":{"start":{"line":130,"column":2},"end":{"line":142,"column":3}},"63":{"start":{"line":131,"column":3},"end":{"line":131,"column":77}},"64":{"start":{"line":135,"column":8},"end":{"line":142,"column":3}},"65":{"start":{"line":137,"column":3},"end":{"line":141,"column":4}},"66":{"start":{"line":138,"column":4},"end":{"line":138,"column":78}},"67":{"start":{"line":140,"column":4},"end":{"line":140,"column":78}},"68":{"start":{"line":151,"column":2},"end":{"line":165,"column":3}},"69":{"start":{"line":152,"column":14},"end":{"line":152,"column":18}},"70":{"start":{"line":153,"column":15},"end":{"line":153,"column":42}},"71":{"start":{"line":154,"column":3},"end":{"line":154,"column":27}},"72":{"start":{"line":155,"column":3},"end":{"line":158,"column":6}},"73":{"start":{"line":156,"column":4},"end":{"line":156,"column":62}},"74":{"start":{"line":157,"column":4},"end":{"line":157,"column":55}},"75":{"start":{"line":159,"column":3},"end":{"line":163,"column":6}},"76":{"start":{"line":160,"column":4},"end":{"line":160,"column":53}},"77":{"start":{"line":161,"column":4},"end":{"line":161,"column":25}},"78":{"start":{"line":162,"column":4},"end":{"line":162,"column":59}},"79":{"start":{"line":164,"column":3},"end":{"line":164,"column":16}}},"fnMap":{"0":{"name":"(anonymous_0)","decl":{"start":{"line":13,"column":4},"end":{"line":13,"column":5}},"loc":{"start":{"line":13,"column":18},"end":{"line":21,"column":5}},"line":13},"1":{"name":"(anonymous_1)","decl":{"start":{"line":23,"column":4},"end":{"line":23,"column":5}},"loc":{"start":{"line":23,"column":11},"end":{"line":25,"column":2}},"line":23},"2":{"name":"(anonymous_2)","decl":{"start":{"line":27,"column":4},"end":{"line":27,"column":5}},"loc":{"start":{"line":27,"column":17},"end":{"line":29,"column":5}},"line":27},"3":{"name":"(anonymous_3)","decl":{"start":{"line":31,"column":4},"end":{"line":31,"column":5}},"loc":{"start":{"line":31,"column":10},"end":{"line":43,"column":2}},"line":31},"4":{"name":"(anonymous_4)","decl":{"start":{"line":45,"column":4},"end":{"line":45,"column":5}},"loc":{"start":{"line":45,"column":23},"end":{"line":65,"column":5}},"line":45},"5":{"name":"(anonymous_5)","decl":{"start":{"line":51,"column":24},"end":{"line":51,"column":25}},"loc":{"start":{"line":51,"column":33},"end":{"line":53,"column":4}},"line":51},"6":{"name":"(anonymous_6)","decl":{"start":{"line":67,"column":4},"end":{"line":67,"column":5}},"loc":{"start":{"line":67,"column":21},"end":{"line":78,"column":5}},"line":67},"7":{"name":"(anonymous_7)","decl":{"start":{"line":74,"column":23},"end":{"line":74,"column":24}},"loc":{"start":{"line":74,"column":32},"end":{"line":76,"column":3}},"line":74},"8":{"name":"(anonymous_8)","decl":{"start":{"line":80,"column":4},"end":{"line":80,"column":5}},"loc":{"start":{"line":80,"column":26},"end":{"line":86,"column":5}},"line":80},"9":{"name":"(anonymous_9)","decl":{"start":{"line":88,"column":4},"end":{"line":88,"column":5}},"loc":{"start":{"line":88,"column":25},"end":{"line":116,"column":2}},"line":88},"10":{"name":"(anonymous_10)","decl":{"start":{"line":119,"column":1},"end":{"line":119,"column":2}},"loc":{"start":{"line":119,"column":12},"end":{"line":124,"column":2}},"line":119},"11":{"name":"(anonymous_11)","decl":{"start":{"line":126,"column":1},"end":{"line":126,"column":2}},"loc":{"start":{"line":126,"column":29},"end":{"line":143,"column":2}},"line":126},"12":{"name":"(anonymous_12)","decl":{"start":{"line":150,"column":1},"end":{"line":150,"column":2}},"loc":{"start":{"line":150,"column":18},"end":{"line":166,"column":2}},"line":150},"13":{"name":"(anonymous_13)","decl":{"start":{"line":155,"column":54},"end":{"line":155,"column":55}},"loc":{"start":{"line":155,"column":60},"end":{"line":158,"column":4}},"line":155},"14":{"name":"(anonymous_14)","decl":{"start":{"line":159,"column":54},"end":{"line":159,"column":55}},"loc":{"start":{"line":159,"column":61},"end":{"line":163,"column":4}},"line":159}},"branchMap":{"0":{"loc":{"start":{"line":32,"column":2},"end":{"line":33,"column":10}},"type":"if","locations":[{"start":{"line":32,"column":2},"end":{"line":33,"column":10}},{"start":{"line":32,"column":2},"end":{"line":33,"column":10}}],"line":32},"1":{"loc":{"start":{"line":47,"column":2},"end":{"line":48,"column":21}},"type":"if","locations":[{"start":{"line":47,"column":2},"end":{"line":48,"column":21}},{"start":{"line":47,"column":2},"end":{"line":48,"column":21}}],"line":47},"2":{"loc":{"start":{"line":50,"column":2},"end":{"line":54,"column":3}},"type":"if","locations":[{"start":{"line":50,"column":2},"end":{"line":54,"column":3}},{"start":{"line":50,"column":2},"end":{"line":54,"column":3}}],"line":50},"3":{"loc":{"start":{"line":60,"column":2},"end":{"line":62,"column":3}},"type":"if","locations":[{"start":{"line":60,"column":2},"end":{"line":62,"column":3}},{"start":{"line":60,"column":2},"end":{"line":62,"column":3}}],"line":60},"4":{"loc":{"start":{"line":70,"column":2},"end":{"line":71,"column":51}},"type":"if","locations":[{"start":{"line":70,"column":2},"end":{"line":71,"column":51}},{"start":{"line":70,"column":2},"end":{"line":71,"column":51}}],"line":70},"5":{"loc":{"start":{"line":89,"column":8},"end":{"line":115,"column":9}},"type":"switch","locations":[{"start":{"line":90,"column":12},"end":{"line":93,"column":22}},{"start":{"line":94,"column":12},"end":{"line":97,"column":22}},{"start":{"line":98,"column":12},"end":{"line":101,"column":22}},{"start":{"line":102,"column":12},"end":{"line":105,"column":10}},{"start":{"line":106,"column":3},"end":{"line":109,"column":10}},{"start":{"line":110,"column":3},"end":{"line":114,"column":10}}],"line":89},"6":{"loc":{"start":{"line":111,"column":4},"end":{"line":112,"column":22}},"type":"if","locations":[{"start":{"line":111,"column":4},"end":{"line":112,"column":22}},{"start":{"line":111,"column":4},"end":{"line":112,"column":22}}],"line":111},"7":{"loc":{"start":{"line":130,"column":2},"end":{"line":142,"column":3}},"type":"if","locations":[{"start":{"line":130,"column":2},"end":{"line":142,"column":3}},{"start":{"line":130,"column":2},"end":{"line":142,"column":3}}],"line":130},"8":{"loc":{"start":{"line":130,"column":5},"end":{"line":130,"column":87}},"type":"binary-expr","locations":[{"start":{"line":130,"column":5},"end":{"line":130,"column":61}},{"start":{"line":130,"column":65},"end":{"line":130,"column":87}}],"line":130},"9":{"loc":{"start":{"line":135,"column":8},"end":{"line":142,"column":3}},"type":"if","locations":[{"start":{"line":135,"column":8},"end":{"line":142,"column":3}},{"start":{"line":135,"column":8},"end":{"line":142,"column":3}}],"line":135},"10":{"loc":{"start":{"line":135,"column":11},"end":{"line":135,"column":90}},"type":"binary-expr","locations":[{"start":{"line":135,"column":11},"end":{"line":135,"column":44}},{"start":{"line":135,"column":48},"end":{"line":135,"column":90}}],"line":135},"11":{"loc":{"start":{"line":137,"column":3},"end":{"line":141,"column":4}},"type":"if","locations":[{"start":{"line":137,"column":3},"end":{"line":141,"column":4}},{"start":{"line":137,"column":3},"end":{"line":141,"column":4}}],"line":137},"12":{"loc":{"start":{"line":151,"column":2},"end":{"line":165,"column":3}},"type":"if","locations":[{"start":{"line":151,"column":2},"end":{"line":165,"column":3}},{"start":{"line":151,"column":2},"end":{"line":165,"column":3}}],"line":151}},"s":{"0":1,"1":1,"2":1,"3":1,"4":1,"5":1,"6":1,"7":1,"8":0,"9":1,"10":0,"11":0,"12":0,"13":0,"14":0,"15":0,"16":0,"17":0,"18":0,"19":0,"20":0,"21":0,"22":0,"23":0,"24":0,"25":0,"26":0,"27":0,"28":0,"29":0,"30":0,"31":0,"32":0,"33":0,"34":0,"35":0,"36":0,"37":0,"38":0,"39":0,"40":0,"41":0,"42":0,"43":0,"44":0,"45":0,"46":0,"47":0,"48":0,"49":0,"50":0,"51":0,"52":0,"53":0,"54":0,"55":0,"56":0,"57":0,"58":0,"59":0,"60":0,"61":0,"62":0,"63":0,"64":0,"65":0,"66":0,"67":0,"68":1,"69":1,"70":1,"71":1,"72":1,"73":1,"74":1,"75":1,"76":1,"77":1,"78":1,"79":1},"f":{"0":1,"1":0,"2":1,"3":0,"4":0,"5":0,"6":0,"7":0,"8":0,"9":0,"10":0,"11":0,"12":1,"13":1,"14":1},"b":{"0":[0,0],"1":[0,0],"2":[0,0],"3":[0,0],"4":[0,0],"5":[0,0,0,0,0,0],"6":[0,0],"7":[0,0],"8":[0,0],"9":[0,0],"10":[0,0],"11":[0,0],"12":[1,0]},"_coverageSchema":"43e27e138ebf9cfc5966b082cf9a028302ed4184","hash":"776d843d558195b04f27265a0642a78aeea1223b"}
,"E:\\bzemba\\Downloads\\ceros-ski\\ceros-ski-master\\src\\Core\\Utils.js": {"path":"E:\\bzemba\\Downloads\\ceros-ski\\ceros-ski-master\\src\\Core\\Utils.js","statementMap":{"0":{"start":{"line":2,"column":4},"end":{"line":2,"column":25}},"1":{"start":{"line":3,"column":4},"end":{"line":3,"column":26}},"2":{"start":{"line":4,"column":4},"end":{"line":4,"column":61}},"3":{"start":{"line":8,"column":4},"end":{"line":11,"column":34}},"4":{"start":{"line":15,"column":11},"end":{"line":15,"column":12}},"5":{"start":{"line":16,"column":10},"end":{"line":16,"column":11}},"6":{"start":{"line":17,"column":12},"end":{"line":17,"column":13}},"7":{"start":{"line":18,"column":13},"end":{"line":18,"column":14}},"8":{"start":{"line":21,"column":8},"end":{"line":21,"column":25}},"9":{"start":{"line":22,"column":8},"end":{"line":22,"column":23}},"10":{"start":{"line":23,"column":8},"end":{"line":23,"column":27}},"11":{"start":{"line":24,"column":8},"end":{"line":24,"column":29}}},"fnMap":{"0":{"name":"randomInt","decl":{"start":{"line":1,"column":16},"end":{"line":1,"column":25}},"loc":{"start":{"line":1,"column":36},"end":{"line":5,"column":1}},"line":1},"1":{"name":"intersectTwoRects","decl":{"start":{"line":7,"column":16},"end":{"line":7,"column":33}},"loc":{"start":{"line":7,"column":48},"end":{"line":12,"column":1}},"line":7},"2":{"name":"(anonymous_2)","decl":{"start":{"line":20,"column":4},"end":{"line":20,"column":5}},"loc":{"start":{"line":20,"column":42},"end":{"line":25,"column":5}},"line":20}},"branchMap":{"0":{"loc":{"start":{"line":8,"column":13},"end":{"line":11,"column":32}},"type":"binary-expr","locations":[{"start":{"line":8,"column":13},"end":{"line":8,"column":37}},{"start":{"line":9,"column":8},"end":{"line":9,"column":32}},{"start":{"line":10,"column":8},"end":{"line":10,"column":32}},{"start":{"line":11,"column":8},"end":{"line":11,"column":32}}],"line":8}},"s":{"0":3,"1":3,"2":3,"3":24,"4":48,"5":48,"6":48,"7":48,"8":48,"9":48,"10":48,"11":48},"f":{"0":3,"1":24,"2":48},"b":{"0":[24,24,15,15]},"_coverageSchema":"43e27e138ebf9cfc5966b082cf9a028302ed4184","hash":"9d02124788ebcc5ba74a4fa721c71ee73b70783e"}
,"E:\\bzemba\\Downloads\\ceros-ski\\ceros-ski-master\\src\\Entities\\Entity.js": {"path":"E:\\bzemba\\Downloads\\ceros-ski\\ceros-ski-master\\src\\Entities\\Entity.js","statementMap":{"0":{"start":{"line":4,"column":8},"end":{"line":4,"column":9}},"1":{"start":{"line":5,"column":8},"end":{"line":5,"column":9}},"2":{"start":{"line":7,"column":16},"end":{"line":7,"column":18}},"3":{"start":{"line":10,"column":8},"end":{"line":10,"column":19}},"4":{"start":{"line":11,"column":8},"end":{"line":11,"column":19}},"5":{"start":{"line":15,"column":8},"end":{"line":15,"column":30}},"6":{"start":{"line":19,"column":8},"end":{"line":22,"column":10}},"7":{"start":{"line":26,"column":22},"end":{"line":26,"column":59}},"8":{"start":{"line":27,"column":22},"end":{"line":27,"column":46}},"9":{"start":{"line":28,"column":22},"end":{"line":28,"column":47}},"10":{"start":{"line":30,"column":8},"end":{"line":30,"column":73}},"11":{"start":{"line":40,"column":2},"end":{"line":45,"column":5}},"12":{"start":{"line":41,"column":3},"end":{"line":41,"column":33}},"13":{"start":{"line":42,"column":3},"end":{"line":44,"column":35}},"14":{"start":{"line":43,"column":4},"end":{"line":43,"column":14}}},"fnMap":{"0":{"name":"(anonymous_0)","decl":{"start":{"line":9,"column":4},"end":{"line":9,"column":5}},"loc":{"start":{"line":9,"column":22},"end":{"line":12,"column":5}},"line":9},"1":{"name":"(anonymous_1)","decl":{"start":{"line":14,"column":4},"end":{"line":14,"column":5}},"loc":{"start":{"line":14,"column":19},"end":{"line":16,"column":5}},"line":14},"2":{"name":"(anonymous_2)","decl":{"start":{"line":18,"column":4},"end":{"line":18,"column":5}},"loc":{"start":{"line":18,"column":18},"end":{"line":23,"column":5}},"line":18},"3":{"name":"(anonymous_3)","decl":{"start":{"line":25,"column":4},"end":{"line":25,"column":5}},"loc":{"start":{"line":25,"column":31},"end":{"line":31,"column":2}},"line":25},"4":{"name":"(anonymous_4)","decl":{"start":{"line":39,"column":1},"end":{"line":39,"column":2}},"loc":{"start":{"line":39,"column":27},"end":{"line":46,"column":2}},"line":39},"5":{"name":"(anonymous_5)","decl":{"start":{"line":40,"column":21},"end":{"line":40,"column":22}},"loc":{"start":{"line":40,"column":34},"end":{"line":45,"column":3}},"line":40},"6":{"name":"(anonymous_6)","decl":{"start":{"line":42,"column":14},"end":{"line":42,"column":15}},"loc":{"start":{"line":42,"column":20},"end":{"line":44,"column":4}},"line":42}},"branchMap":{},"s":{"0":6,"1":6,"2":6,"3":6,"4":6,"5":24,"6":38,"7":0,"8":0,"9":0,"10":0,"11":8,"12":8,"13":8,"14":7},"f":{"0":6,"1":24,"2":38,"3":0,"4":8,"5":8,"6":7},"b":{},"_coverageSchema":"43e27e138ebf9cfc5966b082cf9a028302ed4184","hash":"439d2d166d72f5a07acae7fe9112ffc1aacd6424"}
,"E:\\bzemba\\Downloads\\ceros-ski\\ceros-ski-master\\src\\Entities\\Rhino.js": {"path":"E:\\bzemba\\Downloads\\ceros-ski\\ceros-ski-master\\src\\Entities\\Rhino.js","statementMap":{"0":{"start":{"line":7,"column":13},"end":{"line":7,"column":37}},"1":{"start":{"line":8,"column":15},"end":{"line":8,"column":19}},"2":{"start":{"line":9,"column":15},"end":{"line":9,"column":16}},"3":{"start":{"line":10,"column":23},"end":{"line":10,"column":28}},"4":{"start":{"line":11,"column":9},"end":{"line":11,"column":13}},"5":{"start":{"line":14,"column":2},"end":{"line":14,"column":13}},"6":{"start":{"line":15,"column":2},"end":{"line":15,"column":39}},"7":{"start":{"line":16,"column":2},"end":{"line":16,"column":17}},"8":{"start":{"line":27,"column":2},"end":{"line":27,"column":34}},"9":{"start":{"line":29,"column":2},"end":{"line":44,"column":3}},"10":{"start":{"line":40,"column":15},"end":{"line":40,"column":64}},"11":{"start":{"line":41,"column":3},"end":{"line":41,"column":41}},"12":{"start":{"line":43,"column":3},"end":{"line":43,"column":21}},"13":{"start":{"line":55,"column":25},"end":{"line":55,"column":45}},"14":{"start":{"line":57,"column":2},"end":{"line":57,"column":28}},"15":{"start":{"line":69,"column":2},"end":{"line":72,"column":3}},"16":{"start":{"line":70,"column":3},"end":{"line":70,"column":118}},"17":{"start":{"line":71,"column":3},"end":{"line":71,"column":24}},"18":{"start":{"line":73,"column":2},"end":{"line":73,"column":21}},"19":{"start":{"line":74,"column":2},"end":{"line":74,"column":22}},"20":{"start":{"line":75,"column":2},"end":{"line":79,"column":3}},"21":{"start":{"line":76,"column":3},"end":{"line":76,"column":41}},"22":{"start":{"line":78,"column":3},"end":{"line":78,"column":41}},"23":{"start":{"line":95,"column":16},"end":{"line":95,"column":53}},"24":{"start":{"line":96,"column":22},"end":{"line":101,"column":3}},"25":{"start":{"line":102,"column":22},"end":{"line":102,"column":66}},"26":{"start":{"line":103,"column":25},"end":{"line":103,"column":45}},"27":{"start":{"line":104,"column":23},"end":{"line":109,"column":3}},"28":{"start":{"line":110,"column":2},"end":{"line":110,"column":74}},"29":{"start":{"line":111,"column":2},"end":{"line":111,"column":34}},"30":{"start":{"line":121,"column":20},"end":{"line":121,"column":58}},"31":{"start":{"line":122,"column":2},"end":{"line":124,"column":3}},"32":{"start":{"line":122,"column":14},"end":{"line":122,"column":15}},"33":{"start":{"line":123,"column":3},"end":{"line":123,"column":67}},"34":{"start":{"line":126,"column":14},"end":{"line":126,"column":63}},"35":{"start":{"line":127,"column":2},"end":{"line":127,"column":40}},"36":{"start":{"line":135,"column":2},"end":{"line":135,"column":50}}},"fnMap":{"0":{"name":"(anonymous_0)","decl":{"start":{"line":13,"column":1},"end":{"line":13,"column":2}},"loc":{"start":{"line":13,"column":17},"end":{"line":17,"column":2}},"line":13},"1":{"name":"(anonymous_1)","decl":{"start":{"line":26,"column":1},"end":{"line":26,"column":2}},"loc":{"start":{"line":26,"column":32},"end":{"line":45,"column":2}},"line":26},"2":{"name":"(anonymous_2)","decl":{"start":{"line":54,"column":1},"end":{"line":54,"column":2}},"loc":{"start":{"line":54,"column":27},"end":{"line":80,"column":2}},"line":54},"3":{"name":"(anonymous_3)","decl":{"start":{"line":94,"column":1},"end":{"line":94,"column":2}},"loc":{"start":{"line":94,"column":49},"end":{"line":112,"column":2}},"line":94},"4":{"name":"(anonymous_4)","decl":{"start":{"line":120,"column":1},"end":{"line":120,"column":2}},"loc":{"start":{"line":120,"column":19},"end":{"line":128,"column":2}},"line":120},"5":{"name":"(anonymous_5)","decl":{"start":{"line":134,"column":1},"end":{"line":134,"column":2}},"loc":{"start":{"line":134,"column":21},"end":{"line":137,"column":2}},"line":134}},"branchMap":{"0":{"loc":{"start":{"line":29,"column":2},"end":{"line":44,"column":3}},"type":"if","locations":[{"start":{"line":29,"column":2},"end":{"line":44,"column":3}},{"start":{"line":29,"column":2},"end":{"line":44,"column":3}}],"line":29},"1":{"loc":{"start":{"line":29,"column":5},"end":{"line":29,"column":87}},"type":"binary-expr","locations":[{"start":{"line":29,"column":5},"end":{"line":29,"column":30}},{"start":{"line":29,"column":34},"end":{"line":29,"column":87}}],"line":29},"2":{"loc":{"start":{"line":69,"column":2},"end":{"line":72,"column":3}},"type":"if","locations":[{"start":{"line":69,"column":2},"end":{"line":72,"column":3}},{"start":{"line":69,"column":2},"end":{"line":72,"column":3}}],"line":69},"3":{"loc":{"start":{"line":70,"column":20},"end":{"line":70,"column":117}},"type":"cond-expr","locations":[{"start":{"line":70,"column":65},"end":{"line":70,"column":90}},{"start":{"line":70,"column":93},"end":{"line":70,"column":117}}],"line":70},"4":{"loc":{"start":{"line":75,"column":2},"end":{"line":79,"column":3}},"type":"if","locations":[{"start":{"line":75,"column":2},"end":{"line":79,"column":3}},{"start":{"line":75,"column":2},"end":{"line":79,"column":3}}],"line":75},"5":{"loc":{"start":{"line":135,"column":9},"end":{"line":135,"column":49}},"type":"cond-expr","locations":[{"start":{"line":135,"column":33},"end":{"line":135,"column":39}},{"start":{"line":135,"column":42},"end":{"line":135,"column":49}}],"line":135}},"s":{"0":2,"1":2,"2":2,"3":2,"4":2,"5":2,"6":2,"7":2,"8":10,"9":10,"10":1,"11":1,"12":1,"13":14,"14":14,"15":14,"16":3,"17":3,"18":14,"19":14,"20":14,"21":1,"22":13,"23":10,"24":10,"25":10,"26":10,"27":10,"28":10,"29":10,"30":1,"31":1,"32":1,"33":7,"34":1,"35":1,"36":2},"f":{"0":2,"1":10,"2":14,"3":10,"4":1,"5":2},"b":{"0":[1,9],"1":[10,10],"2":[3,11],"3":[2,1],"4":[1,13],"5":[1,1]},"_coverageSchema":"43e27e138ebf9cfc5966b082cf9a028302ed4184","hash":"dcd259420f298771bf8ead3dea815ca83310da24"}
,"E:\\bzemba\\Downloads\\ceros-ski\\ceros-ski-master\\src\\Entities\\Skier.js": {"path":"E:\\bzemba\\Downloads\\ceros-ski\\ceros-ski-master\\src\\Entities\\Skier.js","statementMap":{"0":{"start":{"line":6,"column":16},"end":{"line":6,"column":36}},"1":{"start":{"line":8,"column":16},"end":{"line":8,"column":47}},"2":{"start":{"line":9,"column":9},"end":{"line":9,"column":39}},"3":{"start":{"line":10,"column":9},"end":{"line":10,"column":37}},"4":{"start":{"line":13,"column":8},"end":{"line":13,"column":20}},"5":{"start":{"line":17,"column":8},"end":{"line":17,"column":35}},"6":{"start":{"line":18,"column":8},"end":{"line":18,"column":27}},"7":{"start":{"line":22,"column":2},"end":{"line":22,"column":21}},"8":{"start":{"line":26,"column":2},"end":{"line":26,"column":20}},"9":{"start":{"line":30,"column":8},"end":{"line":30,"column":73}},"10":{"start":{"line":34,"column":8},"end":{"line":60,"column":9}},"11":{"start":{"line":40,"column":16},"end":{"line":40,"column":37}},"12":{"start":{"line":41,"column":16},"end":{"line":41,"column":22}},"13":{"start":{"line":43,"column":16},"end":{"line":43,"column":41}},"14":{"start":{"line":44,"column":16},"end":{"line":44,"column":22}},"15":{"start":{"line":46,"column":16},"end":{"line":46,"column":37}},"16":{"start":{"line":47,"column":16},"end":{"line":47,"column":22}},"17":{"start":{"line":53,"column":4},"end":{"line":53,"column":26}},"18":{"start":{"line":54,"column":4},"end":{"line":54,"column":10}},"19":{"start":{"line":56,"column":4},"end":{"line":56,"column":30}},"20":{"start":{"line":57,"column":4},"end":{"line":57,"column":10}},"21":{"start":{"line":59,"column":4},"end":{"line":59,"column":10}},"22":{"start":{"line":65,"column":8},"end":{"line":65,"column":51}},"23":{"start":{"line":69,"column":8},"end":{"line":69,"column":70}},"24":{"start":{"line":70,"column":8},"end":{"line":70,"column":70}},"25":{"start":{"line":74,"column":2},"end":{"line":74,"column":23}},"26":{"start":{"line":78,"column":8},"end":{"line":78,"column":70}},"27":{"start":{"line":79,"column":8},"end":{"line":79,"column":70}},"28":{"start":{"line":84,"column":8},"end":{"line":84,"column":51}},"29":{"start":{"line":88,"column":8},"end":{"line":88,"column":49}},"30":{"start":{"line":92,"column":8},"end":{"line":102,"column":9}},"31":{"start":{"line":93,"column":12},"end":{"line":93,"column":33}},"32":{"start":{"line":98,"column":3},"end":{"line":98,"column":64}},"33":{"start":{"line":100,"column":3},"end":{"line":100,"column":77}},"34":{"start":{"line":106,"column":8},"end":{"line":115,"column":9}},"35":{"start":{"line":107,"column":12},"end":{"line":107,"column":34}},"36":{"start":{"line":112,"column":3},"end":{"line":112,"column":64}},"37":{"start":{"line":114,"column":3},"end":{"line":114,"column":78}},"38":{"start":{"line":119,"column":8},"end":{"line":121,"column":9}},"39":{"start":{"line":120,"column":12},"end":{"line":120,"column":31}},"40":{"start":{"line":125,"column":8},"end":{"line":125,"column":59}},"41":{"start":{"line":129,"column":2},"end":{"line":135,"column":3}},"42":{"start":{"line":130,"column":22},"end":{"line":130,"column":61}},"43":{"start":{"line":131,"column":3},"end":{"line":133,"column":4}},"44":{"start":{"line":131,"column":15},"end":{"line":131,"column":16}},"45":{"start":{"line":132,"column":4},"end":{"line":132,"column":70}},"46":{"start":{"line":134,"column":3},"end":{"line":134,"column":76}},"47":{"start":{"line":139,"column":16},"end":{"line":139,"column":53}},"48":{"start":{"line":140,"column":22},"end":{"line":145,"column":9}},"49":{"start":{"line":147,"column":26},"end":{"line":157,"column":10}},"50":{"start":{"line":148,"column":34},"end":{"line":148,"column":80}},"51":{"start":{"line":149,"column":37},"end":{"line":149,"column":59}},"52":{"start":{"line":150,"column":35},"end":{"line":155,"column":13}},"53":{"start":{"line":156,"column":12},"end":{"line":156,"column":66}},"54":{"start":{"line":159,"column":8},"end":{"line":180,"column":3}},"55":{"start":{"line":161,"column":15},"end":{"line":161,"column":19}},"56":{"start":{"line":163,"column":22},"end":{"line":165,"column":5}},"57":{"start":{"line":164,"column":4},"end":{"line":164,"column":79}},"58":{"start":{"line":166,"column":27},"end":{"line":166,"column":78}},"59":{"start":{"line":167,"column":3},"end":{"line":171,"column":4}},"60":{"start":{"line":168,"column":4},"end":{"line":168,"column":15}},"61":{"start":{"line":169,"column":9},"end":{"line":171,"column":4}},"62":{"start":{"line":170,"column":4},"end":{"line":170,"column":56}}},"fnMap":{"0":{"name":"(anonymous_0)","decl":{"start":{"line":12,"column":4},"end":{"line":12,"column":5}},"loc":{"start":{"line":12,"column":22},"end":{"line":14,"column":5}},"line":12},"1":{"name":"(anonymous_1)","decl":{"start":{"line":16,"column":4},"end":{"line":16,"column":5}},"loc":{"start":{"line":16,"column":28},"end":{"line":19,"column":5}},"line":16},"2":{"name":"(anonymous_2)","decl":{"start":{"line":21,"column":1},"end":{"line":21,"column":2}},"loc":{"start":{"line":21,"column":16},"end":{"line":23,"column":2}},"line":21},"3":{"name":"(anonymous_3)","decl":{"start":{"line":25,"column":1},"end":{"line":25,"column":2}},"loc":{"start":{"line":25,"column":11},"end":{"line":27,"column":2}},"line":25},"4":{"name":"(anonymous_4)","decl":{"start":{"line":29,"column":4},"end":{"line":29,"column":5}},"loc":{"start":{"line":29,"column":18},"end":{"line":31,"column":5}},"line":29},"5":{"name":"(anonymous_5)","decl":{"start":{"line":33,"column":4},"end":{"line":33,"column":5}},"loc":{"start":{"line":33,"column":11},"end":{"line":61,"column":5}},"line":33},"6":{"name":"(anonymous_6)","decl":{"start":{"line":63,"column":4},"end":{"line":63,"column":5}},"loc":{"start":{"line":63,"column":20},"end":{"line":66,"column":5}},"line":63},"7":{"name":"(anonymous_7)","decl":{"start":{"line":68,"column":4},"end":{"line":68,"column":5}},"loc":{"start":{"line":68,"column":24},"end":{"line":71,"column":5}},"line":68},"8":{"name":"(anonymous_8)","decl":{"start":{"line":73,"column":4},"end":{"line":73,"column":5}},"loc":{"start":{"line":73,"column":20},"end":{"line":75,"column":5}},"line":73},"9":{"name":"(anonymous_9)","decl":{"start":{"line":77,"column":4},"end":{"line":77,"column":5}},"loc":{"start":{"line":77,"column":25},"end":{"line":80,"column":5}},"line":77},"10":{"name":"(anonymous_10)","decl":{"start":{"line":82,"column":4},"end":{"line":82,"column":5}},"loc":{"start":{"line":82,"column":21},"end":{"line":85,"column":5}},"line":82},"11":{"name":"(anonymous_11)","decl":{"start":{"line":87,"column":4},"end":{"line":87,"column":5}},"loc":{"start":{"line":87,"column":18},"end":{"line":89,"column":5}},"line":87},"12":{"name":"(anonymous_12)","decl":{"start":{"line":91,"column":4},"end":{"line":91,"column":5}},"loc":{"start":{"line":91,"column":15},"end":{"line":103,"column":5}},"line":91},"13":{"name":"(anonymous_13)","decl":{"start":{"line":105,"column":4},"end":{"line":105,"column":5}},"loc":{"start":{"line":105,"column":16},"end":{"line":116,"column":5}},"line":105},"14":{"name":"(anonymous_14)","decl":{"start":{"line":118,"column":4},"end":{"line":118,"column":5}},"loc":{"start":{"line":118,"column":13},"end":{"line":122,"column":5}},"line":118},"15":{"name":"(anonymous_15)","decl":{"start":{"line":124,"column":4},"end":{"line":124,"column":5}},"loc":{"start":{"line":124,"column":15},"end":{"line":126,"column":2}},"line":124},"16":{"name":"(anonymous_16)","decl":{"start":{"line":128,"column":1},"end":{"line":128,"column":2}},"loc":{"start":{"line":128,"column":13},"end":{"line":136,"column":2}},"line":128},"17":{"name":"(anonymous_17)","decl":{"start":{"line":138,"column":4},"end":{"line":138,"column":5}},"loc":{"start":{"line":138,"column":59},"end":{"line":182,"column":5}},"line":138},"18":{"name":"(anonymous_18)","decl":{"start":{"line":147,"column":62},"end":{"line":147,"column":63}},"loc":{"start":{"line":147,"column":76},"end":{"line":157,"column":9}},"line":147},"19":{"name":"(anonymous_19)","decl":{"start":{"line":163,"column":68},"end":{"line":163,"column":69}},"loc":{"start":{"line":163,"column":77},"end":{"line":165,"column":4}},"line":163}},"branchMap":{"0":{"loc":{"start":{"line":34,"column":8},"end":{"line":60,"column":9}},"type":"switch","locations":[{"start":{"line":39,"column":3},"end":{"line":41,"column":22}},{"start":{"line":42,"column":12},"end":{"line":44,"column":22}},{"start":{"line":45,"column":12},"end":{"line":47,"column":22}},{"start":{"line":52,"column":3},"end":{"line":54,"column":10}},{"start":{"line":55,"column":3},"end":{"line":57,"column":10}},{"start":{"line":58,"column":3},"end":{"line":59,"column":10}}],"line":34},"1":{"loc":{"start":{"line":92,"column":8},"end":{"line":102,"column":9}},"type":"if","locations":[{"start":{"line":92,"column":8},"end":{"line":102,"column":9}},{"start":{"line":92,"column":8},"end":{"line":102,"column":9}}],"line":92},"2":{"loc":{"start":{"line":98,"column":3},"end":{"line":98,"column":63}},"type":"binary-expr","locations":[{"start":{"line":98,"column":3},"end":{"line":98,"column":22}},{"start":{"line":98,"column":26},"end":{"line":98,"column":63}}],"line":98},"3":{"loc":{"start":{"line":100,"column":3},"end":{"line":100,"column":76}},"type":"binary-expr","locations":[{"start":{"line":100,"column":3},"end":{"line":100,"column":22}},{"start":{"line":100,"column":26},"end":{"line":100,"column":76}}],"line":100},"4":{"loc":{"start":{"line":106,"column":8},"end":{"line":115,"column":9}},"type":"if","locations":[{"start":{"line":106,"column":8},"end":{"line":115,"column":9}},{"start":{"line":106,"column":8},"end":{"line":115,"column":9}}],"line":106},"5":{"loc":{"start":{"line":112,"column":3},"end":{"line":112,"column":63}},"type":"binary-expr","locations":[{"start":{"line":112,"column":3},"end":{"line":112,"column":22}},{"start":{"line":112,"column":26},"end":{"line":112,"column":63}}],"line":112},"6":{"loc":{"start":{"line":114,"column":3},"end":{"line":114,"column":77}},"type":"binary-expr","locations":[{"start":{"line":114,"column":3},"end":{"line":114,"column":22}},{"start":{"line":114,"column":26},"end":{"line":114,"column":77}}],"line":114},"7":{"loc":{"start":{"line":119,"column":8},"end":{"line":121,"column":9}},"type":"if","locations":[{"start":{"line":119,"column":8},"end":{"line":121,"column":9}},{"start":{"line":119,"column":8},"end":{"line":121,"column":9}}],"line":119},"8":{"loc":{"start":{"line":119,"column":11},"end":{"line":119,"column":116}},"type":"binary-expr","locations":[{"start":{"line":119,"column":11},"end":{"line":119,"column":61}},{"start":{"line":119,"column":65},"end":{"line":119,"column":116}}],"line":119},"9":{"loc":{"start":{"line":129,"column":2},"end":{"line":135,"column":3}},"type":"if","locations":[{"start":{"line":129,"column":2},"end":{"line":135,"column":3}},{"start":{"line":129,"column":2},"end":{"line":135,"column":3}}],"line":129},"10":{"loc":{"start":{"line":129,"column":5},"end":{"line":129,"column":174}},"type":"binary-expr","locations":[{"start":{"line":129,"column":5},"end":{"line":129,"column":55}},{"start":{"line":129,"column":59},"end":{"line":129,"column":114}},{"start":{"line":129,"column":118},"end":{"line":129,"column":174}}],"line":129},"11":{"loc":{"start":{"line":159,"column":8},"end":{"line":180,"column":3}},"type":"if","locations":[{"start":{"line":159,"column":8},"end":{"line":180,"column":3}},{"start":{"line":159,"column":8},"end":{"line":180,"column":3}}],"line":159},"12":{"loc":{"start":{"line":164,"column":11},"end":{"line":164,"column":78}},"type":"cond-expr","locations":[{"start":{"line":164,"column":66},"end":{"line":164,"column":70}},{"start":{"line":164,"column":73},"end":{"line":164,"column":78}}],"line":164},"13":{"loc":{"start":{"line":167,"column":3},"end":{"line":171,"column":4}},"type":"if","locations":[{"start":{"line":167,"column":3},"end":{"line":171,"column":4}},{"start":{"line":167,"column":3},"end":{"line":171,"column":4}}],"line":167},"14":{"loc":{"start":{"line":169,"column":9},"end":{"line":171,"column":4}},"type":"if","locations":[{"start":{"line":169,"column":9},"end":{"line":171,"column":4}},{"start":{"line":169,"column":9},"end":{"line":171,"column":4}}],"line":169},"15":{"loc":{"start":{"line":169,"column":14},"end":{"line":169,"column":47}},"type":"binary-expr","locations":[{"start":{"line":169,"column":14},"end":{"line":169,"column":26}},{"start":{"line":169,"column":30},"end":{"line":169,"column":47}}],"line":169}},"s":{"0":3,"1":3,"2":3,"3":3,"4":3,"5":6,"6":6,"7":2,"8":21,"9":6,"10":0,"11":0,"12":0,"13":0,"14":0,"15":0,"16":0,"17":0,"18":0,"19":0,"20":0,"21":0,"22":0,"23":0,"24":0,"25":0,"26":0,"27":0,"28":0,"29":0,"30":1,"31":0,"32":1,"33":1,"34":0,"35":0,"36":0,"37":0,"38":0,"39":0,"40":0,"41":1,"42":1,"43":1,"44":1,"45":1,"46":0,"47":14,"48":14,"49":14,"50":14,"51":14,"52":14,"53":14,"54":14,"55":14,"56":14,"57":46,"58":14,"59":14,"60":1,"61":13,"62":3},"f":{"0":3,"1":6,"2":2,"3":21,"4":6,"5":0,"6":0,"7":0,"8":0,"9":0,"10":0,"11":0,"12":1,"13":0,"14":0,"15":0,"16":1,"17":14,"18":14,"19":46},"b":{"0":[0,0,0,0,0,0],"1":[0,1],"2":[1,0],"3":[1,1],"4":[0,0],"5":[0,0],"6":[0,0],"7":[0,0],"8":[0,0],"9":[1,0],"10":[1,0,0],"11":[14,0],"12":[11,35],"13":[1,13],"14":[3,10],"15":[13,11]},"_coverageSchema":"43e27e138ebf9cfc5966b082cf9a028302ed4184","hash":"0195d9d2263161661532c03465e7b458dba7aeea"}
,"E:\\bzemba\\Downloads\\ceros-ski\\ceros-ski-master\\src\\Entities\\Obstacles\\Obstacle.js": {"path":"E:\\bzemba\\Downloads\\ceros-ski\\ceros-ski-master\\src\\Entities\\Obstacles\\Obstacle.js","statementMap":{"0":{"start":{"line":5,"column":19},"end":{"line":11,"column":1}},"1":{"start":{"line":15,"column":8},"end":{"line":15,"column":20}},"2":{"start":{"line":17,"column":25},"end":{"line":17,"column":60}},"3":{"start":{"line":18,"column":8},"end":{"line":18,"column":46}}},"fnMap":{"0":{"name":"(anonymous_0)","decl":{"start":{"line":14,"column":4},"end":{"line":14,"column":5}},"loc":{"start":{"line":14,"column":22},"end":{"line":19,"column":2}},"line":14}},"branchMap":{},"s":{"0":1,"1":1,"2":1,"3":1},"f":{"0":1},"b":{},"_coverageSchema":"43e27e138ebf9cfc5966b082cf9a028302ed4184","hash":"bce0b40640f49ff27eff063ab6964f81f087983d"}
,"E:\\bzemba\\Downloads\\ceros-ski\\ceros-ski-master\\src\\Entities\\Obstacles\\ObstacleManager.js": {"path":"E:\\bzemba\\Downloads\\ceros-ski\\ceros-ski-master\\src\\Entities\\Obstacles\\ObstacleManager.js","statementMap":{"0":{"start":{"line":5,"column":35},"end":{"line":5,"column":37}},"1":{"start":{"line":6,"column":30},"end":{"line":6,"column":33}},"2":{"start":{"line":7,"column":34},"end":{"line":7,"column":37}},"3":{"start":{"line":8,"column":28},"end":{"line":8,"column":29}},"4":{"start":{"line":11,"column":16},"end":{"line":11,"column":18}},"5":{"start":{"line":17,"column":8},"end":{"line":17,"column":30}},"6":{"start":{"line":21,"column":8},"end":{"line":23,"column":11}},"7":{"start":{"line":22,"column":12},"end":{"line":22,"column":48}},"8":{"start":{"line":27,"column":32},"end":{"line":27,"column":147}},"9":{"start":{"line":29,"column":21},"end":{"line":29,"column":46}},"10":{"start":{"line":30,"column":21},"end":{"line":30,"column":45}},"11":{"start":{"line":31,"column":21},"end":{"line":31,"column":42}},"12":{"start":{"line":32,"column":21},"end":{"line":32,"column":46}},"13":{"start":{"line":34,"column":8},"end":{"line":36,"column":9}},"14":{"start":{"line":34,"column":20},"end":{"line":34,"column":21}},"15":{"start":{"line":35,"column":12},"end":{"line":35,"column":61}},"16":{"start":{"line":38,"column":8},"end":{"line":40,"column":11}},"17":{"start":{"line":39,"column":12},"end":{"line":39,"column":73}},"18":{"start":{"line":44,"column":36},"end":{"line":44,"column":69}},"19":{"start":{"line":45,"column":8},"end":{"line":47,"column":9}},"20":{"start":{"line":46,"column":12},"end":{"line":46,"column":19}},"21":{"start":{"line":49,"column":8},"end":{"line":54,"column":9}},"22":{"start":{"line":50,"column":12},"end":{"line":50,"column":47}},"23":{"start":{"line":52,"column":13},"end":{"line":54,"column":9}},"24":{"start":{"line":53,"column":12},"end":{"line":53,"column":48}},"25":{"start":{"line":56,"column":8},"end":{"line":61,"column":9}},"26":{"start":{"line":57,"column":12},"end":{"line":57,"column":46}},"27":{"start":{"line":59,"column":13},"end":{"line":61,"column":9}},"28":{"start":{"line":60,"column":12},"end":{"line":60,"column":49}},"29":{"start":{"line":65,"column":8},"end":{"line":65,"column":102}},"30":{"start":{"line":69,"column":8},"end":{"line":69,"column":104}},"31":{"start":{"line":73,"column":8},"end":{"line":73,"column":100}},"32":{"start":{"line":77,"column":8},"end":{"line":77,"column":106}},"33":{"start":{"line":81,"column":25},"end":{"line":81,"column":75}},"34":{"start":{"line":82,"column":28},"end":{"line":82,"column":64}},"35":{"start":{"line":84,"column":8},"end":{"line":84,"column":41}},"36":{"start":{"line":88,"column":18},"end":{"line":88,"column":39}},"37":{"start":{"line":89,"column":18},"end":{"line":89,"column":39}},"38":{"start":{"line":91,"column":31},"end":{"line":98,"column":10}},"39":{"start":{"line":92,"column":12},"end":{"line":97,"column":14}},"40":{"start":{"line":100,"column":8},"end":{"line":108,"column":9}},"41":{"start":{"line":101,"column":12},"end":{"line":101,"column":70}},"42":{"start":{"line":104,"column":12},"end":{"line":107,"column":14}}},"fnMap":{"0":{"name":"(anonymous_0)","decl":{"start":{"line":13,"column":4},"end":{"line":13,"column":5}},"loc":{"start":{"line":13,"column":18},"end":{"line":14,"column":5}},"line":13},"1":{"name":"(anonymous_1)","decl":{"start":{"line":16,"column":4},"end":{"line":16,"column":5}},"loc":{"start":{"line":16,"column":19},"end":{"line":18,"column":5}},"line":16},"2":{"name":"(anonymous_2)","decl":{"start":{"line":20,"column":4},"end":{"line":20,"column":5}},"loc":{"start":{"line":20,"column":40},"end":{"line":24,"column":5}},"line":20},"3":{"name":"(anonymous_3)","decl":{"start":{"line":21,"column":31},"end":{"line":21,"column":32}},"loc":{"start":{"line":21,"column":45},"end":{"line":23,"column":9}},"line":21},"4":{"name":"(anonymous_4)","decl":{"start":{"line":26,"column":4},"end":{"line":26,"column":5}},"loc":{"start":{"line":26,"column":28},"end":{"line":41,"column":5}},"line":26},"5":{"name":"(anonymous_5)","decl":{"start":{"line":38,"column":28},"end":{"line":38,"column":29}},"loc":{"start":{"line":38,"column":54},"end":{"line":40,"column":9}},"line":38},"6":{"name":"(anonymous_6)","decl":{"start":{"line":43,"column":4},"end":{"line":43,"column":5}},"loc":{"start":{"line":43,"column":53},"end":{"line":62,"column":5}},"line":43},"7":{"name":"(anonymous_7)","decl":{"start":{"line":64,"column":4},"end":{"line":64,"column":5}},"loc":{"start":{"line":64,"column":34},"end":{"line":66,"column":5}},"line":64},"8":{"name":"(anonymous_8)","decl":{"start":{"line":68,"column":4},"end":{"line":68,"column":5}},"loc":{"start":{"line":68,"column":35},"end":{"line":70,"column":5}},"line":68},"9":{"name":"(anonymous_9)","decl":{"start":{"line":72,"column":4},"end":{"line":72,"column":5}},"loc":{"start":{"line":72,"column":33},"end":{"line":74,"column":5}},"line":72},"10":{"name":"(anonymous_10)","decl":{"start":{"line":76,"column":4},"end":{"line":76,"column":5}},"loc":{"start":{"line":76,"column":36},"end":{"line":78,"column":5}},"line":76},"11":{"name":"(anonymous_11)","decl":{"start":{"line":80,"column":4},"end":{"line":80,"column":5}},"loc":{"start":{"line":80,"column":48},"end":{"line":85,"column":5}},"line":80},"12":{"name":"(anonymous_12)","decl":{"start":{"line":87,"column":4},"end":{"line":87,"column":5}},"loc":{"start":{"line":87,"column":50},"end":{"line":109,"column":5}},"line":87},"13":{"name":"(anonymous_13)","decl":{"start":{"line":91,"column":51},"end":{"line":91,"column":52}},"loc":{"start":{"line":91,"column":65},"end":{"line":98,"column":9}},"line":91}},"branchMap":{"0":{"loc":{"start":{"line":45,"column":8},"end":{"line":47,"column":9}},"type":"if","locations":[{"start":{"line":45,"column":8},"end":{"line":47,"column":9}},{"start":{"line":45,"column":8},"end":{"line":47,"column":9}}],"line":45},"1":{"loc":{"start":{"line":49,"column":8},"end":{"line":54,"column":9}},"type":"if","locations":[{"start":{"line":49,"column":8},"end":{"line":54,"column":9}},{"start":{"line":49,"column":8},"end":{"line":54,"column":9}}],"line":49},"2":{"loc":{"start":{"line":52,"column":13},"end":{"line":54,"column":9}},"type":"if","locations":[{"start":{"line":52,"column":13},"end":{"line":54,"column":9}},{"start":{"line":52,"column":13},"end":{"line":54,"column":9}}],"line":52},"3":{"loc":{"start":{"line":56,"column":8},"end":{"line":61,"column":9}},"type":"if","locations":[{"start":{"line":56,"column":8},"end":{"line":61,"column":9}},{"start":{"line":56,"column":8},"end":{"line":61,"column":9}}],"line":56},"4":{"loc":{"start":{"line":59,"column":13},"end":{"line":61,"column":9}},"type":"if","locations":[{"start":{"line":59,"column":13},"end":{"line":61,"column":9}},{"start":{"line":59,"column":13},"end":{"line":61,"column":9}}],"line":59},"5":{"loc":{"start":{"line":93,"column":16},"end":{"line":96,"column":61}},"type":"binary-expr","locations":[{"start":{"line":93,"column":16},"end":{"line":93,"column":61}},{"start":{"line":94,"column":16},"end":{"line":94,"column":61}},{"start":{"line":95,"column":16},"end":{"line":95,"column":61}},{"start":{"line":96,"column":16},"end":{"line":96,"column":61}}],"line":93},"6":{"loc":{"start":{"line":100,"column":8},"end":{"line":108,"column":9}},"type":"if","locations":[{"start":{"line":100,"column":8},"end":{"line":108,"column":9}},{"start":{"line":100,"column":8},"end":{"line":108,"column":9}}],"line":100}},"s":{"0":1,"1":1,"2":1,"3":1,"4":1,"5":14,"6":0,"7":0,"8":0,"9":0,"10":0,"11":0,"12":0,"13":0,"14":0,"15":0,"16":0,"17":0,"18":0,"19":0,"20":0,"21":0,"22":0,"23":0,"24":0,"25":0,"26":0,"27":0,"28":0,"29":0,"30":0,"31":0,"32":0,"33":1,"34":1,"35":1,"36":1,"37":1,"38":1,"39":0,"40":1,"41":0,"42":1},"f":{"0":1,"1":14,"2":0,"3":0,"4":0,"5":0,"6":0,"7":0,"8":0,"9":0,"10":0,"11":1,"12":1,"13":0},"b":{"0":[0,0],"1":[0,0],"2":[0,0],"3":[0,0],"4":[0,0],"5":[0,0,0,0],"6":[0,1]},"_coverageSchema":"43e27e138ebf9cfc5966b082cf9a028302ed4184","hash":"07ffe963f11a51a7c932c7d910637469a9926b5c"}
}
