TN:
SF:E:\bzemba\Downloads\ceros-ski\ceros-ski-master\src\Constants.js
FNF:0
FNH:0
DA:1,3
DA:2,3
DA:4,3
DA:5,3
DA:6,3
DA:7,3
DA:8,3
DA:9,3
DA:10,3
DA:11,3
DA:12,3
DA:13,3
DA:14,3
DA:16,3
DA:17,3
DA:18,3
DA:20,3
DA:21,3
DA:22,3
DA:23,3
DA:24,3
DA:25,3
DA:26,3
DA:27,3
DA:28,3
DA:30,3
DA:31,3
DA:32,3
DA:33,3
DA:34,3
DA:36,3
DA:37,3
DA:38,3
DA:39,3
DA:40,3
DA:41,3
DA:42,3
DA:43,3
DA:44,3
DA:46,3
DA:74,3
DA:80,3
DA:86,3
DA:95,3
DA:104,3
DA:112,3
DA:120,3
DA:122,3
DA:132,3
DA:142,3
LF:50
LH:50
BRF:0
BRH:0
end_of_record
TN:
SF:E:\bzemba\Downloads\ceros-ski\ceros-ski-master\src\Core\AssetManager.js
FN:4,(anonymous_0)
FN:7,(anonymous_1)
FN:18,(anonymous_2)
FN:19,(anonymous_3)
FN:21,(anonymous_4)
FN:32,(anonymous_5)
FNF:6
FNH:6
FNDA:2,(anonymous_0)
FNDA:1,(anonymous_1)
FNDA:25,(anonymous_2)
FNDA:25,(anonymous_3)
FNDA:25,(anonymous_4)
FNDA:48,(anonymous_5)
DA:2,2
DA:8,1
DA:10,1
DA:11,25
DA:12,25
DA:15,1
DA:19,25
DA:20,25
DA:21,25
DA:22,25
DA:23,25
DA:25,25
DA:26,25
DA:28,25
DA:33,48
LF:15
LH:15
BRF:0
BRH:0
end_of_record
TN:
SF:E:\bzemba\Downloads\ceros-ski\ceros-ski-master\src\Core\Canvas.js
FN:12,(anonymous_0)
FN:19,(anonymous_1)
FN:33,(anonymous_2)
FN:37,(anonymous_3)
FN:42,(anonymous_4)
FNF:5
FNH:2
FNDA:1,(anonymous_0)
FNDA:1,(anonymous_1)
FNDA:0,(anonymous_2)
FNDA:0,(anonymous_3)
FNDA:0,(anonymous_4)
DA:2,1
DA:3,1
DA:4,1
DA:5,1
DA:6,1
DA:10,1
DA:13,1
DA:14,1
DA:16,1
DA:20,1
DA:21,1
DA:22,1
DA:23,1
DA:24,1
DA:25,1
DA:27,1
DA:28,1
DA:30,1
DA:34,0
DA:38,0
DA:39,0
DA:43,0
DA:44,0
DA:46,0
LF:24
LH:18
BRF:0
BRH:0
end_of_record
TN:
SF:E:\bzemba\Downloads\ceros-ski\ceros-ski-master\src\Core\Game.js
FN:13,(anonymous_0)
FN:23,(anonymous_1)
FN:27,(anonymous_2)
FN:31,(anonymous_3)
FN:45,(anonymous_4)
FN:51,(anonymous_5)
FN:67,(anonymous_6)
FN:74,(anonymous_7)
FN:80,(anonymous_8)
FN:88,(anonymous_9)
FN:119,(anonymous_10)
FN:126,(anonymous_11)
FN:150,(anonymous_12)
FN:155,(anonymous_13)
FN:159,(anonymous_14)
FNF:15
FNH:5
FNDA:1,(anonymous_0)
FNDA:0,(anonymous_1)
FNDA:1,(anonymous_2)
FNDA:0,(anonymous_3)
FNDA:0,(anonymous_4)
FNDA:0,(anonymous_5)
FNDA:0,(anonymous_6)
FNDA:0,(anonymous_7)
FNDA:0,(anonymous_8)
FNDA:0,(anonymous_9)
FNDA:0,(anonymous_10)
FNDA:0,(anonymous_11)
FNDA:1,(anonymous_12)
FNDA:1,(anonymous_13)
FNDA:1,(anonymous_14)
DA:10,1
DA:11,1
DA:14,1
DA:15,1
DA:16,1
DA:17,1
DA:18,1
DA:20,1
DA:24,0
DA:28,1
DA:32,0
DA:33,0
DA:35,0
DA:36,0
DA:38,0
DA:39,0
DA:42,0
DA:47,0
DA:48,0
DA:50,0
DA:51,0
DA:52,0
DA:56,0
DA:57,0
DA:60,0
DA:61,0
DA:64,0
DA:68,0
DA:70,0
DA:71,0
DA:74,0
DA:75,0
DA:77,0
DA:81,0
DA:82,0
DA:83,0
DA:85,0
DA:89,0
DA:91,0
DA:92,0
DA:93,0
DA:95,0
DA:96,0
DA:97,0
DA:99,0
DA:100,0
DA:101,0
DA:103,0
DA:104,0
DA:105,0
DA:107,0
DA:108,0
DA:109,0
DA:111,0
DA:112,0
DA:113,0
DA:114,0
DA:120,0
DA:121,0
DA:122,0
DA:123,0
DA:128,0
DA:130,0
DA:131,0
DA:135,0
DA:137,0
DA:138,0
DA:140,0
DA:151,1
DA:152,1
DA:153,1
DA:154,1
DA:155,1
DA:156,1
DA:157,1
DA:159,1
DA:160,1
DA:161,1
DA:162,1
DA:164,1
LF:80
LH:21
BRDA:32,0,0,0
BRDA:32,0,1,0
BRDA:47,1,0,0
BRDA:47,1,1,0
BRDA:50,2,0,0
BRDA:50,2,1,0
BRDA:60,3,0,0
BRDA:60,3,1,0
BRDA:70,4,0,0
BRDA:70,4,1,0
BRDA:89,5,0,0
BRDA:89,5,1,0
BRDA:89,5,2,0
BRDA:89,5,3,0
BRDA:89,5,4,0
BRDA:89,5,5,0
BRDA:111,6,0,0
BRDA:111,6,1,0
BRDA:130,7,0,0
BRDA:130,7,1,0
BRDA:130,8,0,0
BRDA:130,8,1,0
BRDA:135,9,0,0
BRDA:135,9,1,0
BRDA:135,10,0,0
BRDA:135,10,1,0
BRDA:137,11,0,0
BRDA:137,11,1,0
BRDA:151,12,0,1
BRDA:151,12,1,0
BRF:30
BRH:1
end_of_record
TN:
SF:E:\bzemba\Downloads\ceros-ski\ceros-ski-master\src\Core\Utils.js
FN:1,randomInt
FN:7,intersectTwoRects
FN:20,(anonymous_2)
FNF:3
FNH:3
FNDA:3,randomInt
FNDA:24,intersectTwoRects
FNDA:48,(anonymous_2)
DA:2,3
DA:3,3
DA:4,3
DA:8,24
DA:15,48
DA:16,48
DA:17,48
DA:18,48
DA:21,48
DA:22,48
DA:23,48
DA:24,48
LF:12
LH:12
BRDA:8,0,0,24
BRDA:8,0,1,24
BRDA:8,0,2,15
BRDA:8,0,3,15
BRF:4
BRH:4
end_of_record
TN:
SF:E:\bzemba\Downloads\ceros-ski\ceros-ski-master\src\Entities\Entity.js
FN:9,(anonymous_0)
FN:14,(anonymous_1)
FN:18,(anonymous_2)
FN:25,(anonymous_3)
FN:39,(anonymous_4)
FN:40,(anonymous_5)
FN:42,(anonymous_6)
FNF:7
FNH:6
FNDA:6,(anonymous_0)
FNDA:24,(anonymous_1)
FNDA:38,(anonymous_2)
FNDA:0,(anonymous_3)
FNDA:8,(anonymous_4)
FNDA:8,(anonymous_5)
FNDA:7,(anonymous_6)
DA:4,6
DA:5,6
DA:7,6
DA:10,6
DA:11,6
DA:15,24
DA:19,38
DA:26,0
DA:27,0
DA:28,0
DA:30,0
DA:40,8
DA:41,8
DA:42,8
DA:43,7
LF:15
LH:11
BRF:0
BRH:0
end_of_record
TN:
SF:E:\bzemba\Downloads\ceros-ski\ceros-ski-master\src\Entities\Rhino.js
FN:13,(anonymous_0)
FN:26,(anonymous_1)
FN:54,(anonymous_2)
FN:94,(anonymous_3)
FN:120,(anonymous_4)
FN:134,(anonymous_5)
FNF:6
FNH:6
FNDA:2,(anonymous_0)
FNDA:10,(anonymous_1)
FNDA:14,(anonymous_2)
FNDA:10,(anonymous_3)
FNDA:1,(anonymous_4)
FNDA:2,(anonymous_5)
DA:7,2
DA:8,2
DA:9,2
DA:10,2
DA:11,2
DA:14,2
DA:15,2
DA:16,2
DA:27,10
DA:29,10
DA:40,1
DA:41,1
DA:43,1
DA:55,14
DA:57,14
DA:69,14
DA:70,3
DA:71,3
DA:73,14
DA:74,14
DA:75,14
DA:76,1
DA:78,13
DA:95,10
DA:96,10
DA:102,10
DA:103,10
DA:104,10
DA:110,10
DA:111,10
DA:121,1
DA:122,1
DA:123,7
DA:126,1
DA:127,1
DA:135,2
LF:36
LH:36
BRDA:29,0,0,1
BRDA:29,0,1,9
BRDA:29,1,0,10
BRDA:29,1,1,10
BRDA:69,2,0,3
BRDA:69,2,1,11
BRDA:70,3,0,2
BRDA:70,3,1,1
BRDA:75,4,0,1
BRDA:75,4,1,13
BRDA:135,5,0,1
BRDA:135,5,1,1
BRF:12
BRH:12
end_of_record
TN:
SF:E:\bzemba\Downloads\ceros-ski\ceros-ski-master\src\Entities\Skier.js
FN:12,(anonymous_0)
FN:16,(anonymous_1)
FN:21,(anonymous_2)
FN:25,(anonymous_3)
FN:29,(anonymous_4)
FN:33,(anonymous_5)
FN:63,(anonymous_6)
FN:68,(anonymous_7)
FN:73,(anonymous_8)
FN:77,(anonymous_9)
FN:82,(anonymous_10)
FN:87,(anonymous_11)
FN:91,(anonymous_12)
FN:105,(anonymous_13)
FN:118,(anonymous_14)
FN:124,(anonymous_15)
FN:128,(anonymous_16)
FN:138,(anonymous_17)
FN:147,(anonymous_18)
FN:163,(anonymous_19)
FNF:20
FNH:10
FNDA:3,(anonymous_0)
FNDA:6,(anonymous_1)
FNDA:2,(anonymous_2)
FNDA:21,(anonymous_3)
FNDA:6,(anonymous_4)
FNDA:0,(anonymous_5)
FNDA:0,(anonymous_6)
FNDA:0,(anonymous_7)
FNDA:0,(anonymous_8)
FNDA:0,(anonymous_9)
FNDA:0,(anonymous_10)
FNDA:0,(anonymous_11)
FNDA:1,(anonymous_12)
FNDA:0,(anonymous_13)
FNDA:0,(anonymous_14)
FNDA:0,(anonymous_15)
FNDA:1,(anonymous_16)
FNDA:14,(anonymous_17)
FNDA:14,(anonymous_18)
FNDA:46,(anonymous_19)
DA:6,3
DA:8,3
DA:9,3
DA:10,3
DA:13,3
DA:17,6
DA:18,6
DA:22,2
DA:26,21
DA:30,6
DA:34,0
DA:40,0
DA:41,0
DA:43,0
DA:44,0
DA:46,0
DA:47,0
DA:53,0
DA:54,0
DA:56,0
DA:57,0
DA:59,0
DA:65,0
DA:69,0
DA:70,0
DA:74,0
DA:78,0
DA:79,0
DA:84,0
DA:88,0
DA:92,1
DA:93,0
DA:98,1
DA:100,1
DA:106,0
DA:107,0
DA:112,0
DA:114,0
DA:119,0
DA:120,0
DA:125,0
DA:129,1
DA:130,1
DA:131,1
DA:132,1
DA:134,0
DA:139,14
DA:140,14
DA:147,14
DA:148,14
DA:149,14
DA:150,14
DA:156,14
DA:159,14
DA:161,14
DA:163,14
DA:164,46
DA:166,14
DA:167,14
DA:168,1
DA:169,13
DA:170,3
LF:62
LH:33
BRDA:34,0,0,0
BRDA:34,0,1,0
BRDA:34,0,2,0
BRDA:34,0,3,0
BRDA:34,0,4,0
BRDA:34,0,5,0
BRDA:92,1,0,0
BRDA:92,1,1,1
BRDA:98,2,0,1
BRDA:98,2,1,0
BRDA:100,3,0,1
BRDA:100,3,1,1
BRDA:106,4,0,0
BRDA:106,4,1,0
BRDA:112,5,0,0
BRDA:112,5,1,0
BRDA:114,6,0,0
BRDA:114,6,1,0
BRDA:119,7,0,0
BRDA:119,7,1,0
BRDA:119,8,0,0
BRDA:119,8,1,0
BRDA:129,9,0,1
BRDA:129,9,1,0
BRDA:129,10,0,1
BRDA:129,10,1,0
BRDA:129,10,2,0
BRDA:159,11,0,14
BRDA:159,11,1,0
BRDA:164,12,0,11
BRDA:164,12,1,35
BRDA:167,13,0,1
BRDA:167,13,1,13
BRDA:169,14,0,3
BRDA:169,14,1,10
BRDA:169,15,0,13
BRDA:169,15,1,11
BRF:37
BRH:15
end_of_record
TN:
SF:E:\bzemba\Downloads\ceros-ski\ceros-ski-master\src\Entities\Obstacles\Obstacle.js
FN:14,(anonymous_0)
FNF:1
FNH:1
FNDA:1,(anonymous_0)
DA:5,1
DA:15,1
DA:17,1
DA:18,1
LF:4
LH:4
BRF:0
BRH:0
end_of_record
TN:
SF:E:\bzemba\Downloads\ceros-ski\ceros-ski-master\src\Entities\Obstacles\ObstacleManager.js
FN:13,(anonymous_0)
FN:16,(anonymous_1)
FN:20,(anonymous_2)
FN:21,(anonymous_3)
FN:26,(anonymous_4)
FN:38,(anonymous_5)
FN:43,(anonymous_6)
FN:64,(anonymous_7)
FN:68,(anonymous_8)
FN:72,(anonymous_9)
FN:76,(anonymous_10)
FN:80,(anonymous_11)
FN:87,(anonymous_12)
FN:91,(anonymous_13)
FNF:14
FNH:4
FNDA:1,(anonymous_0)
FNDA:14,(anonymous_1)
FNDA:0,(anonymous_2)
FNDA:0,(anonymous_3)
FNDA:0,(anonymous_4)
FNDA:0,(anonymous_5)
FNDA:0,(anonymous_6)
FNDA:0,(anonymous_7)
FNDA:0,(anonymous_8)
FNDA:0,(anonymous_9)
FNDA:0,(anonymous_10)
FNDA:1,(anonymous_11)
FNDA:1,(anonymous_12)
FNDA:0,(anonymous_13)
DA:5,1
DA:6,1
DA:7,1
DA:8,1
DA:11,1
DA:17,14
DA:21,0
DA:22,0
DA:27,0
DA:29,0
DA:30,0
DA:31,0
DA:32,0
DA:34,0
DA:35,0
DA:38,0
DA:39,0
DA:44,0
DA:45,0
DA:46,0
DA:49,0
DA:50,0
DA:52,0
DA:53,0
DA:56,0
DA:57,0
DA:59,0
DA:60,0
DA:65,0
DA:69,0
DA:73,0
DA:77,0
DA:81,1
DA:82,1
DA:84,1
DA:88,1
DA:89,1
DA:91,1
DA:92,0
DA:100,1
DA:101,0
DA:104,1
LF:42
LH:14
BRDA:45,0,0,0
BRDA:45,0,1,0
BRDA:49,1,0,0
BRDA:49,1,1,0
BRDA:52,2,0,0
BRDA:52,2,1,0
BRDA:56,3,0,0
BRDA:56,3,1,0
BRDA:59,4,0,0
BRDA:59,4,1,0
BRDA:93,5,0,0
BRDA:93,5,1,0
BRDA:93,5,2,0
BRDA:93,5,3,0
BRDA:100,6,0,0
BRDA:100,6,1,1
BRF:16
BRH:1
end_of_record
